<?xml version="1.0" encoding="UTF-8"?>
<testsuite name="com.project.springboot.web.IndexControllerTest" tests="1" skipped="0" failures="0" errors="0" timestamp="2021-01-13T17:34:17" hostname="WELSH_CORGI_PC" time="0.177">
  <properties/>
  <testcase name="메인페이지_로딩()" classname="com.project.springboot.web.IndexControllerTest" time="0.177"/>
  <system-out><![CDATA[2021-01-14 02:34:15.746  INFO 19820 --- [    Test worker] .b.t.c.SpringBootTestContextBootstrapper : Neither @ContextConfiguration nor @ContextHierarchy found for test class [com.project.springboot.web.IndexControllerTest], using SpringBootContextLoader
2021-01-14 02:34:15.747  INFO 19820 --- [    Test worker] o.s.t.c.support.AbstractContextLoader    : Could not detect default resource locations for test class [com.project.springboot.web.IndexControllerTest]: no resource found for suffixes {-context.xml, Context.groovy}.
2021-01-14 02:34:15.747  INFO 19820 --- [    Test worker] t.c.s.AnnotationConfigContextLoaderUtils : Could not detect default configuration classes for test class [com.project.springboot.web.IndexControllerTest]: IndexControllerTest does not declare any static, non-private, non-final, nested classes annotated with @Configuration.
2021-01-14 02:34:15.749  INFO 19820 --- [    Test worker] .b.t.c.SpringBootTestContextBootstrapper : Found @SpringBootConfiguration com.project.springboot.Application for test class com.project.springboot.web.IndexControllerTest
2021-01-14 02:34:15.750  INFO 19820 --- [    Test worker] .b.t.c.SpringBootTestContextBootstrapper : Loaded default TestExecutionListener class names from location [META-INF/spring.factories]: [org.springframework.security.test.context.support.WithSecurityContextTestExecutionListener, org.springframework.security.test.context.support.ReactorContextTestExecutionListener, org.springframework.boot.test.autoconfigure.restdocs.RestDocsTestExecutionListener, org.springframework.boot.test.autoconfigure.web.client.MockRestServiceServerResetTestExecutionListener, org.springframework.boot.test.autoconfigure.web.servlet.MockMvcPrintOnlyOnFailureTestExecutionListener, org.springframework.boot.test.autoconfigure.web.servlet.WebDriverTestExecutionListener, org.springframework.boot.test.autoconfigure.webservices.client.MockWebServiceServerTestExecutionListener, org.springframework.boot.test.mock.mockito.MockitoTestExecutionListener, org.springframework.boot.test.mock.mockito.ResetMocksTestExecutionListener, org.springframework.test.context.web.ServletTestExecutionListener, org.springframework.test.context.support.DirtiesContextBeforeModesTestExecutionListener, org.springframework.test.context.support.DependencyInjectionTestExecutionListener, org.springframework.test.context.support.DirtiesContextTestExecutionListener, org.springframework.test.context.transaction.TransactionalTestExecutionListener, org.springframework.test.context.jdbc.SqlScriptsTestExecutionListener, org.springframework.test.context.event.EventPublishingTestExecutionListener]
2021-01-14 02:34:15.751  INFO 19820 --- [    Test worker] .b.t.c.SpringBootTestContextBootstrapper : Using TestExecutionListeners: [org.springframework.test.context.web.ServletTestExecutionListener@537f92a8, org.springframework.test.context.support.DirtiesContextBeforeModesTestExecutionListener@10fddfe9, org.springframework.boot.test.mock.mockito.MockitoTestExecutionListener@660d8653, org.springframework.boot.test.autoconfigure.SpringBootDependencyInjectionTestExecutionListener@5d14c2ae, org.springframework.test.context.support.DirtiesContextTestExecutionListener@7251f176, org.springframework.test.context.transaction.TransactionalTestExecutionListener@c2d7a42, org.springframework.test.context.jdbc.SqlScriptsTestExecutionListener@6984a8a, org.springframework.security.test.context.support.WithSecurityContextTestExecutionListener@7d62f945, org.springframework.test.context.event.EventPublishingTestExecutionListener@c57dde, org.springframework.security.test.context.support.ReactorContextTestExecutionListener@67ddf8ee, org.springframework.boot.test.autoconfigure.restdocs.RestDocsTestExecutionListener@23d52285, org.springframework.boot.test.autoconfigure.web.client.MockRestServiceServerResetTestExecutionListener@49974f6b, org.springframework.boot.test.autoconfigure.web.servlet.MockMvcPrintOnlyOnFailureTestExecutionListener@6217e00a, org.springframework.boot.test.autoconfigure.web.servlet.WebDriverTestExecutionListener@6a856e2e, org.springframework.boot.test.autoconfigure.webservices.client.MockWebServiceServerTestExecutionListener@604ea8f1, org.springframework.boot.test.mock.mockito.ResetMocksTestExecutionListener@13515f84]

  .   ____          _            __ _ _
 /\\ / ___'_ __ _ _(_)_ __  __ _ \ \ \ \
( ( )\___ | '_ | '_| | '_ \/ _` | \ \ \ \
 \\/  ___)| |_)| | | | | || (_| |  ) ) ) )
  '  |____| .__|_| |_|_| |_\__, | / / / /
 =========|_|==============|___/=/_/_/_/
 :: Spring Boot ::                (v2.4.1)

2021-01-14 02:34:15.785  INFO 19820 --- [    Test worker] c.p.springboot.web.IndexControllerTest   : Starting IndexControllerTest using Java 15.0.1 on Welsh_Corgi_PC with PID 19820 (started by user in C:\Users\user\IdeaProjects\springboot_webservice)
2021-01-14 02:34:15.786  INFO 19820 --- [    Test worker] c.p.springboot.web.IndexControllerTest   : No active profile set, falling back to default profiles: default
2021-01-14 02:34:15.985  INFO 19820 --- [    Test worker] .s.d.r.c.RepositoryConfigurationDelegate : Bootstrapping Spring Data JPA repositories in DEFAULT mode.
2021-01-14 02:34:16.020  INFO 19820 --- [    Test worker] .s.d.r.c.RepositoryConfigurationDelegate : Finished Spring Data repository scanning in 34 ms. Found 2 JPA repository interfaces.
2021-01-14 02:34:16.282  INFO 19820 --- [    Test worker] o.s.b.w.embedded.tomcat.TomcatWebServer  : Tomcat initialized with port(s): 0 (http)
2021-01-14 02:34:16.292  INFO 19820 --- [    Test worker] o.apache.catalina.core.StandardService   : Starting service [Tomcat]
2021-01-14 02:34:16.292  INFO 19820 --- [    Test worker] org.apache.catalina.core.StandardEngine  : Starting Servlet engine: [Apache Tomcat/9.0.41]
2021-01-14 02:34:16.415  INFO 19820 --- [    Test worker] o.a.c.c.C.[Tomcat].[localhost].[/]       : Initializing Spring embedded WebApplicationContext
2021-01-14 02:34:16.415  INFO 19820 --- [    Test worker] w.s.c.ServletWebServerApplicationContext : Root WebApplicationContext: initialization completed in 626 ms
2021-01-14 02:34:16.456  INFO 19820 --- [    Test worker] com.zaxxer.hikari.HikariDataSource       : HikariPool-2 - Starting...
2021-01-14 02:34:16.457  INFO 19820 --- [    Test worker] com.zaxxer.hikari.HikariDataSource       : HikariPool-2 - Start completed.
2021-01-14 02:34:16.457  INFO 19820 --- [    Test worker] o.s.b.a.h2.H2ConsoleAutoConfiguration    : H2 console available at '/h2-console'. Database available at 'jdbc:h2:mem://localhost/~/testdb'
2021-01-14 02:34:16.592  INFO 19820 --- [    Test worker] o.hibernate.jpa.internal.util.LogHelper  : HHH000204: Processing PersistenceUnitInfo [name: default]
2021-01-14 02:34:16.604  INFO 19820 --- [    Test worker] org.hibernate.dialect.Dialect            : HHH000400: Using dialect: org.hibernate.dialect.MySQL57Dialect
Hibernate: drop table if exists posts
Hibernate: drop table if exists user
Hibernate: create table posts (id bigint not null auto_increment, created_date datetime(6), modified_date datetime(6), author varchar(255), content TEXT not null, title varchar(500) not null, primary key (id)) engine=InnoDB
Hibernate: create table user (id bigint not null auto_increment, created_date datetime(6), modified_date datetime(6), email varchar(255) not null, name varchar(255) not null, picture varchar(255), role varchar(255) not null, primary key (id)) engine=InnoDB
2021-01-14 02:34:16.658  INFO 19820 --- [    Test worker] o.h.e.t.j.p.i.JtaPlatformInitiator       : HHH000490: Using JtaPlatform implementation: [org.hibernate.engine.transaction.jta.platform.internal.NoJtaPlatform]
2021-01-14 02:34:16.658  INFO 19820 --- [    Test worker] j.LocalContainerEntityManagerFactoryBean : Initialized JPA EntityManagerFactory for persistence unit 'default'
2021-01-14 02:34:16.870  WARN 19820 --- [    Test worker] JpaBaseConfiguration$JpaWebConfiguration : spring.jpa.open-in-view is enabled by default. Therefore, database queries may be performed during view rendering. Explicitly configure spring.jpa.open-in-view to disable this warning
2021-01-14 02:34:17.026  INFO 19820 --- [    Test worker] o.s.s.web.DefaultSecurityFilterChain     : Will secure any request with [org.springframework.security.web.context.request.async.WebAsyncManagerIntegrationFilter@21885e49, org.springframework.security.web.context.SecurityContextPersistenceFilter@587cbad2, org.springframework.security.web.header.HeaderWriterFilter@71072c8b, org.springframework.security.web.authentication.logout.LogoutFilter@297c7695, org.springframework.security.oauth2.client.web.OAuth2AuthorizationRequestRedirectFilter@16dc0dcc, org.springframework.security.oauth2.client.web.OAuth2LoginAuthenticationFilter@64b500e1, org.springframework.security.web.authentication.ui.DefaultLoginPageGeneratingFilter@5f6ff617, org.springframework.security.web.authentication.ui.DefaultLogoutPageGeneratingFilter@3b36002d, org.springframework.security.web.savedrequest.RequestCacheAwareFilter@350fd800, org.springframework.security.web.servletapi.SecurityContextHolderAwareRequestFilter@7d24d95e, org.springframework.security.web.authentication.AnonymousAuthenticationFilter@4df2c8ea, org.springframework.security.web.session.SessionManagementFilter@5a4f9b4, org.springframework.security.web.access.ExceptionTranslationFilter@50a7a72a, org.springframework.security.web.access.intercept.FilterSecurityInterceptor@131136bb]
2021-01-14 02:34:17.141  INFO 19820 --- [    Test worker] o.s.s.concurrent.ThreadPoolTaskExecutor  : Initializing ExecutorService 'applicationTaskExecutor'
2021-01-14 02:34:17.169  INFO 19820 --- [    Test worker] o.s.b.a.w.s.WelcomePageHandlerMapping    : Adding welcome page template: index
2021-01-14 02:34:17.370  INFO 19820 --- [    Test worker] o.s.b.w.embedded.tomcat.TomcatWebServer  : Tomcat started on port(s): 2715 (http) with context path ''
2021-01-14 02:34:17.373  INFO 19820 --- [    Test worker] s.a.ScheduledAnnotationBeanPostProcessor : No TaskScheduler/ScheduledExecutorService bean found for scheduled processing
2021-01-14 02:34:17.373  INFO 19820 --- [    Test worker] c.p.springboot.web.IndexControllerTest   : Started IndexControllerTest in 1.617 seconds (JVM running for 8.718)
2021-01-14 02:34:17.471  INFO 19820 --- [o-auto-1-exec-1] o.a.c.c.C.[Tomcat].[localhost].[/]       : Initializing Spring DispatcherServlet 'dispatcherServlet'
2021-01-14 02:34:17.472  INFO 19820 --- [o-auto-1-exec-1] o.s.web.servlet.DispatcherServlet        : Initializing Servlet 'dispatcherServlet'
2021-01-14 02:34:17.472  INFO 19820 --- [o-auto-1-exec-1] o.s.web.servlet.DispatcherServlet        : Completed initialization in 0 ms
Hibernate: select posts0_.id as id1_0_, posts0_.created_date as created_2_0_, posts0_.modified_date as modified3_0_, posts0_.author as author4_0_, posts0_.content as content5_0_, posts0_.title as title6_0_ from posts posts0_ order by posts0_.id DESC
]]></system-out>
  <system-err><![CDATA[]]></system-err>
</testsuite>
