<?xml version="1.0" encoding="UTF-8"?>
<testsuite name="com.project.springboot.domain.posts.PostsRepositoryTest" tests="2" skipped="0" failures="0" errors="0" timestamp="2021-01-13T17:34:15" hostname="WELSH_CORGI_PC" time="0.326">
  <properties/>
  <testcase name="게시글저장_불러오기()" classname="com.project.springboot.domain.posts.PostsRepositoryTest" time="0.314"/>
  <testcase name="BaseTimeEntity_등록()" classname="com.project.springboot.domain.posts.PostsRepositoryTest" time="0.012"/>
  <system-out><![CDATA[2021-01-14 02:34:11.407  INFO 19820 --- [    Test worker] .b.t.c.SpringBootTestContextBootstrapper : Neither @ContextConfiguration nor @ContextHierarchy found for test class [com.project.springboot.domain.posts.PostsRepositoryTest], using SpringBootContextLoader
2021-01-14 02:34:11.409  INFO 19820 --- [    Test worker] o.s.t.c.support.AbstractContextLoader    : Could not detect default resource locations for test class [com.project.springboot.domain.posts.PostsRepositoryTest]: no resource found for suffixes {-context.xml, Context.groovy}.
2021-01-14 02:34:11.409  INFO 19820 --- [    Test worker] t.c.s.AnnotationConfigContextLoaderUtils : Could not detect default configuration classes for test class [com.project.springboot.domain.posts.PostsRepositoryTest]: PostsRepositoryTest does not declare any static, non-private, non-final, nested classes annotated with @Configuration.
2021-01-14 02:34:11.419  INFO 19820 --- [    Test worker] .b.t.c.SpringBootTestContextBootstrapper : Found @SpringBootConfiguration com.project.springboot.Application for test class com.project.springboot.domain.posts.PostsRepositoryTest
2021-01-14 02:34:11.425  INFO 19820 --- [    Test worker] .b.t.c.SpringBootTestContextBootstrapper : Loaded default TestExecutionListener class names from location [META-INF/spring.factories]: [org.springframework.security.test.context.support.WithSecurityContextTestExecutionListener, org.springframework.security.test.context.support.ReactorContextTestExecutionListener, org.springframework.boot.test.autoconfigure.restdocs.RestDocsTestExecutionListener, org.springframework.boot.test.autoconfigure.web.client.MockRestServiceServerResetTestExecutionListener, org.springframework.boot.test.autoconfigure.web.servlet.MockMvcPrintOnlyOnFailureTestExecutionListener, org.springframework.boot.test.autoconfigure.web.servlet.WebDriverTestExecutionListener, org.springframework.boot.test.autoconfigure.webservices.client.MockWebServiceServerTestExecutionListener, org.springframework.boot.test.mock.mockito.MockitoTestExecutionListener, org.springframework.boot.test.mock.mockito.ResetMocksTestExecutionListener, org.springframework.test.context.web.ServletTestExecutionListener, org.springframework.test.context.support.DirtiesContextBeforeModesTestExecutionListener, org.springframework.test.context.support.DependencyInjectionTestExecutionListener, org.springframework.test.context.support.DirtiesContextTestExecutionListener, org.springframework.test.context.transaction.TransactionalTestExecutionListener, org.springframework.test.context.jdbc.SqlScriptsTestExecutionListener, org.springframework.test.context.event.EventPublishingTestExecutionListener]
2021-01-14 02:34:11.426  INFO 19820 --- [    Test worker] .b.t.c.SpringBootTestContextBootstrapper : Using TestExecutionListeners: [org.springframework.test.context.web.ServletTestExecutionListener@6b11bb88, org.springframework.test.context.support.DirtiesContextBeforeModesTestExecutionListener@13daaff5, org.springframework.boot.test.mock.mockito.MockitoTestExecutionListener@31f582b8, org.springframework.boot.test.autoconfigure.SpringBootDependencyInjectionTestExecutionListener@197703b2, org.springframework.test.context.support.DirtiesContextTestExecutionListener@7fdc36ef, org.springframework.test.context.transaction.TransactionalTestExecutionListener@39bf9be6, org.springframework.test.context.jdbc.SqlScriptsTestExecutionListener@24c22e2b, org.springframework.security.test.context.support.WithSecurityContextTestExecutionListener@509d392, org.springframework.test.context.event.EventPublishingTestExecutionListener@1bfce692, org.springframework.security.test.context.support.ReactorContextTestExecutionListener@5ed92ea0, org.springframework.boot.test.autoconfigure.restdocs.RestDocsTestExecutionListener@6b5fe026, org.springframework.boot.test.autoconfigure.web.client.MockRestServiceServerResetTestExecutionListener@20013b9c, org.springframework.boot.test.autoconfigure.web.servlet.MockMvcPrintOnlyOnFailureTestExecutionListener@5c359178, org.springframework.boot.test.autoconfigure.web.servlet.WebDriverTestExecutionListener@4b0e1870, org.springframework.boot.test.autoconfigure.webservices.client.MockWebServiceServerTestExecutionListener@5fc48fe7, org.springframework.boot.test.mock.mockito.ResetMocksTestExecutionListener@76b08258]

  .   ____          _            __ _ _
 /\\ / ___'_ __ _ _(_)_ __  __ _ \ \ \ \
( ( )\___ | '_ | '_| | '_ \/ _` | \ \ \ \
 \\/  ___)| |_)| | | | | || (_| |  ) ) ) )
  '  |____| .__|_| |_|_| |_\__, | / / / /
 =========|_|==============|___/=/_/_/_/
 :: Spring Boot ::                (v2.4.1)

2021-01-14 02:34:11.457  INFO 19820 --- [    Test worker] c.p.s.domain.posts.PostsRepositoryTest   : Starting PostsRepositoryTest using Java 15.0.1 on Welsh_Corgi_PC with PID 19820 (started by user in C:\Users\user\IdeaProjects\springboot_webservice)
2021-01-14 02:34:11.458  INFO 19820 --- [    Test worker] c.p.s.domain.posts.PostsRepositoryTest   : No active profile set, falling back to default profiles: default
2021-01-14 02:34:11.783  INFO 19820 --- [    Test worker] .s.d.r.c.RepositoryConfigurationDelegate : Bootstrapping Spring Data JPA repositories in DEFAULT mode.
2021-01-14 02:34:11.841  INFO 19820 --- [    Test worker] .s.d.r.c.RepositoryConfigurationDelegate : Finished Spring Data repository scanning in 53 ms. Found 2 JPA repository interfaces.
2021-01-14 02:34:12.182  INFO 19820 --- [    Test worker] com.zaxxer.hikari.HikariDataSource       : HikariPool-1 - Starting...
2021-01-14 02:34:12.365  INFO 19820 --- [    Test worker] com.zaxxer.hikari.HikariDataSource       : HikariPool-1 - Start completed.
2021-01-14 02:34:12.438  INFO 19820 --- [    Test worker] o.hibernate.jpa.internal.util.LogHelper  : HHH000204: Processing PersistenceUnitInfo [name: default]
2021-01-14 02:34:12.504  INFO 19820 --- [    Test worker] org.hibernate.Version                    : HHH000412: Hibernate ORM core version 5.4.25.Final
2021-01-14 02:34:12.671  INFO 19820 --- [    Test worker] o.hibernate.annotations.common.Version   : HCANN000001: Hibernate Commons Annotations {5.1.2.Final}
2021-01-14 02:34:12.824  INFO 19820 --- [    Test worker] org.hibernate.dialect.Dialect            : HHH000400: Using dialect: org.hibernate.dialect.MySQL57Dialect
Hibernate: drop table if exists posts
Hibernate: drop table if exists user
Hibernate: create table posts (id bigint not null auto_increment, created_date datetime(6), modified_date datetime(6), author varchar(255), content TEXT not null, title varchar(500) not null, primary key (id)) engine=InnoDB
Hibernate: create table user (id bigint not null auto_increment, created_date datetime(6), modified_date datetime(6), email varchar(255) not null, name varchar(255) not null, picture varchar(255), role varchar(255) not null, primary key (id)) engine=InnoDB
2021-01-14 02:34:13.454  INFO 19820 --- [    Test worker] o.h.e.t.j.p.i.JtaPlatformInitiator       : HHH000490: Using JtaPlatform implementation: [org.hibernate.engine.transaction.jta.platform.internal.NoJtaPlatform]
2021-01-14 02:34:13.464  INFO 19820 --- [    Test worker] j.LocalContainerEntityManagerFactoryBean : Initialized JPA EntityManagerFactory for persistence unit 'default'
2021-01-14 02:34:13.941  WARN 19820 --- [    Test worker] JpaBaseConfiguration$JpaWebConfiguration : spring.jpa.open-in-view is enabled by default. Therefore, database queries may be performed during view rendering. Explicitly configure spring.jpa.open-in-view to disable this warning
2021-01-14 02:34:14.469  INFO 19820 --- [    Test worker] o.s.s.web.DefaultSecurityFilterChain     : Will secure any request with [org.springframework.security.web.context.request.async.WebAsyncManagerIntegrationFilter@7f2201ff, org.springframework.security.web.context.SecurityContextPersistenceFilter@45a2141e, org.springframework.security.web.header.HeaderWriterFilter@41df40ac, org.springframework.security.web.authentication.logout.LogoutFilter@517e22b2, org.springframework.security.oauth2.client.web.OAuth2AuthorizationRequestRedirectFilter@7fd4b05, org.springframework.security.oauth2.client.web.OAuth2LoginAuthenticationFilter@2d7d1f65, org.springframework.security.web.authentication.ui.DefaultLoginPageGeneratingFilter@2bf2da97, org.springframework.security.web.authentication.ui.DefaultLogoutPageGeneratingFilter@665fa1b1, org.springframework.security.web.savedrequest.RequestCacheAwareFilter@375f915d, org.springframework.security.web.servletapi.SecurityContextHolderAwareRequestFilter@6890e04b, org.springframework.security.web.authentication.AnonymousAuthenticationFilter@7e86a08d, org.springframework.security.web.session.SessionManagementFilter@22d3f9a3, org.springframework.security.web.access.ExceptionTranslationFilter@72ab319a, org.springframework.security.web.access.intercept.FilterSecurityInterceptor@106e0893]
2021-01-14 02:34:14.877  INFO 19820 --- [    Test worker] o.s.s.concurrent.ThreadPoolTaskExecutor  : Initializing ExecutorService 'applicationTaskExecutor'
2021-01-14 02:34:14.935  INFO 19820 --- [    Test worker] o.s.b.a.h2.H2ConsoleAutoConfiguration    : H2 console available at '/h2-console'. Database available at 'jdbc:h2:mem://localhost/~/testdb'
2021-01-14 02:34:15.002  INFO 19820 --- [    Test worker] o.s.b.a.w.s.WelcomePageHandlerMapping    : Adding welcome page template: index
2021-01-14 02:34:15.392  INFO 19820 --- [    Test worker] s.a.ScheduledAnnotationBeanPostProcessor : No TaskScheduler/ScheduledExecutorService bean found for scheduled processing
2021-01-14 02:34:15.400  INFO 19820 --- [    Test worker] c.p.s.domain.posts.PostsRepositoryTest   : Started PostsRepositoryTest in 3.969 seconds (JVM running for 6.745)
Hibernate: insert into posts (created_date, modified_date, author, content, title) values (?, ?, ?, ?, ?)
Hibernate: select posts0_.id as id1_0_, posts0_.created_date as created_2_0_, posts0_.modified_date as modified3_0_, posts0_.author as author4_0_, posts0_.content as content5_0_, posts0_.title as title6_0_ from posts posts0_
Hibernate: select posts0_.id as id1_0_, posts0_.created_date as created_2_0_, posts0_.modified_date as modified3_0_, posts0_.author as author4_0_, posts0_.content as content5_0_, posts0_.title as title6_0_ from posts posts0_
Hibernate: delete from posts where id=?
Hibernate: insert into posts (created_date, modified_date, author, content, title) values (?, ?, ?, ?, ?)
Hibernate: select posts0_.id as id1_0_, posts0_.created_date as created_2_0_, posts0_.modified_date as modified3_0_, posts0_.author as author4_0_, posts0_.content as content5_0_, posts0_.title as title6_0_ from posts posts0_
>>>>>>>>>> createDate=2021-01-14T02:34:15.732676, modifiedDate=2021-01-14T02:34:15.732676
Hibernate: select posts0_.id as id1_0_, posts0_.created_date as created_2_0_, posts0_.modified_date as modified3_0_, posts0_.author as author4_0_, posts0_.content as content5_0_, posts0_.title as title6_0_ from posts posts0_
Hibernate: delete from posts where id=?
]]></system-out>
  <system-err><![CDATA[]]></system-err>
</testsuite>
